<?xml version="1.0" encoding="UTF-8"?>
<!-- Generated by org.testng.reporters.JUnitXMLReporter -->
<testsuite ignored="0" hostname="DESKTOP-M9K0K0L" failures="0" tests="4" name="Default test" time="6.371" errors="0" timestamp="2023-11-01T14:27:30 IST">
  <testcase classname="day_1.HTTPRequest" name="getusers" time="3.063"/>
  <testcase classname="day_1.HTTPRequest" name="CreateUser" time="1.527"/>
  <testcase classname="day_1.HTTPRequest" name="UpdateUser" time="0.824"/>
  <testcase classname="day_1.HTTPRequest" name="DeleteUser" time="0.897"/>
</testsuite> <!-- Default test -->
